<?xml version="1.0" encoding="UTF-8"?>
<!-- Generated by org.testng.reporters.JUnitReportReporter -->
<testsuite hostname="040693" failures="0" tests="1" name="com.SauceDemo.TestClasses.TC04_verifyBagAllProductFunctionality" time="19.214" errors="0" timestamp="2022-10-10T16:49:26 IST" skipped="0">
  <testcase classname="com.SauceDemo.TestClasses.TC04_verifyBagAllProductFunctionality" name="AddAllBagProduct" time="19.214"/>
  <system-out/>
</testsuite> <!-- com.SauceDemo.TestClasses.TC04_verifyBagAllProductFunctionality -->
