<?xml version="1.0" encoding="UTF-8"?>
<!-- Generated by org.testng.reporters.JUnitReportReporter -->
<testsuite hostname="040693" failures="0" tests="1" name="com.SauceDemo.TestClasses.TC06_VerifyCheckoutFunctionality" time="3.382" errors="0" timestamp="2022-10-10T16:49:26 IST" skipped="0">
  <testcase classname="com.SauceDemo.TestClasses.TC06_VerifyCheckoutFunctionality" name="verifyCheckoutFunctionality" time="3.382"/>
  <system-out/>
</testsuite> <!-- com.SauceDemo.TestClasses.TC06_VerifyCheckoutFunctionality -->
