<?xml version="1.0" encoding="UTF-8"?>
<!-- Generated by org.testng.reporters.JUnitReportReporter -->
<testsuite hostname="040693" failures="0" tests="1" name="com.SauceDemo.TestClasses.TC01_verifyLoginFunctionality" time="3.422" errors="0" timestamp="2022-10-10T16:50:02 IST" skipped="0">
  <testcase classname="com.SauceDemo.TestClasses.TC01_verifyLoginFunctionality" name="verifyLoginFunctionality" time="3.422"/>
  <system-out/>
</testsuite> <!-- com.SauceDemo.TestClasses.TC01_verifyLoginFunctionality -->
